<?xml version="1.0" encoding="UTF-8"?>
<testng-results ignored="0" total="1" passed="1" failed="0" skipped="0">
  <reporter-output>
  </reporter-output>
  <suite started-at="2020-11-28T12:29:58 IST" name="Default suite" finished-at="2020-11-28T12:30:07 IST" duration-ms="8383">
    <groups>
    </groups>
    <test started-at="2020-11-28T12:29:58 IST" name="Default test" finished-at="2020-11-28T12:30:07 IST" duration-ms="8383">
      <class name="restassured.post_request$Get">
        <test-method signature="m()[pri:0, instance:restassured.post_request$Get@4b14c583]" started-at="2020-11-28T12:29:58 IST" name="m" finished-at="2020-11-28T12:30:07 IST" duration-ms="8320" status="PASS">
          <reporter-output>
          </reporter-output>
        </test-method> <!-- m -->
      </class> <!-- restassured.post_request$Get -->
    </test> <!-- Default test -->
  </suite> <!-- Default suite -->
</testng-results>
